#
# There is insufficient memory for the Java Runtime Environment to continue.
# Native memory allocation (malloc) failed to allocate 1048576 bytes for AllocateHeap
# Possible reasons:
#   The system is out of physical RAM or swap space
#   In 32 bit mode, the process size limit was hit
# Possible solutions:
#   Reduce memory load on the system
#   Increase physical memory or swap space
#   Check if swap backing store is full
#   Use 64 bit Java on a 64 bit OS
#   Decrease Java heap size (-Xmx/-Xms)
#   Decrease number of Java threads
#   Decrease Java thread stack sizes (-Xss)
#   Set larger code cache with -XX:ReservedCodeCacheSize=
# This output file may be truncated or incomplete.
#
#  Out of Memory Error (memory/allocation.inline.hpp:61), pid=8040, tid=8676
#
# JRE version:  (8.0_65-b17) (build )
# Java VM: Java HotSpot(TM) 64-Bit Server VM (25.65-b01 mixed mode windows-amd64 compressed oops)
# Failed to write core dump. Minidumps are not enabled by default on client versions of Windows
#

---------------  T H R E A D  ---------------

Current thread (0x0000000002e72800):  JavaThread "Unknown thread" [_thread_in_vm, id=8676, stack(0x0000000002830000,0x0000000002930000)]

Stack: [0x0000000002830000,0x0000000002930000]
[error occurred during error reporting (printing stack bounds), id 0xc0000005]

Native frames: (J=compiled Java code, j=interpreted, Vv=VM code, C=native code)


---------------  P R O C E S S  ---------------

Java Threads: ( => current thread )

Other Threads:

=>0x0000000002e72800 (exited) JavaThread "Unknown thread" [_thread_in_vm, id=8676, stack(0x0000000002830000,0x0000000002930000)]

VM state:not at safepoint (normal execution)

VM Mutex/Monitor currently owned by a thread: None

Heap:
 PSYoungGen      total 37888K, used 655K [0x00000000d6200000, 0x00000000d8c00000, 0x0000000100000000)
  eden space 32768K, 2% used [0x00000000d6200000,0x00000000d62a3d80,0x00000000d8200000)
  from space 5120K, 0% used [0x00000000d8700000,0x00000000d8700000,0x00000000d8c00000)
  to   space 5120K, 0% used [0x00000000d8200000,0x00000000d8200000,0x00000000d8700000)
 ParOldGen       total 86016K, used 0K [0x0000000082600000, 0x0000000087a00000, 0x00000000d6200000)
  object space 86016K, 0% used [0x0000000082600000,0x0000000082600000,0x0000000087a00000)
 Metaspace       used 767K, capacity 4480K, committed 4480K, reserved 1056768K
  class space    used 75K, capacity 384K, committed 384K, reserved 1048576K

Card table byte_map: [0x0000000012330000,0x0000000012720000] byte_map_base: 0x0000000011f1d000

Marking Bits: (ParMarkBitMap*) 0x000000007187a5b0
 Begin Bits: [0x00000000131c0000, 0x0000000015128000)
 End Bits:   [0x0000000015128000, 0x0000000017090000)

Polling page: 0x00000000007f0000

CodeCache: size=245760Kb used=328Kb max_used=328Kb free=245431Kb
 bounds [0x0000000002f70000, 0x00000000031e0000, 0x0000000011f70000]
 total_blobs=57 nmethods=0 adapters=37
 compilation: enabled

Compilation events (0 events):
No events

GC Heap History (0 events):
No events

Deoptimization events (0 events):
No events

Internal exceptions (0 events):
No events

Events (10 events):
Event: 0.029 loading class java/lang/Short
Event: 0.029 loading class java/lang/Short done
Event: 0.029 loading class java/lang/Integer
Event: 0.029 loading class java/lang/Integer done
Event: 0.029 loading class java/lang/Long
Event: 0.029 loading class java/lang/Long done
Event: 0.030 loading class java/lang/NullPointerException
Event: 0.030 loading class java/lang/NullPointerException done
Event: 0.030 loading class java/lang/ArithmeticException
Event: 0.030 loading class java/lang/ArithmeticException done


Dynamic libraries:
0x00007ff70d060000 - 0x00007ff70d097000 	D:\environment\Java\jdk1.8.0_65\bin\java.exe
0x00007ffcc7d40000 - 0x00007ffcc7f30000 	C:\WINDOWS\SYSTEM32\ntdll.dll
0x00007ffcc6710000 - 0x00007ffcc67c2000 	C:\WINDOWS\System32\KERNEL32.DLL
0x00007ffcc56d0000 - 0x00007ffcc5973000 	C:\WINDOWS\System32\KERNELBASE.dll
0x00007ffcc6f50000 - 0x00007ffcc6ff3000 	C:\WINDOWS\System32\ADVAPI32.dll
0x00007ffcc6bf0000 - 0x00007ffcc6c8e000 	C:\WINDOWS\System32\msvcrt.dll
0x00007ffcc7b90000 - 0x00007ffcc7c27000 	C:\WINDOWS\System32\sechost.dll
0x00007ffcc6a70000 - 0x00007ffcc6b90000 	C:\WINDOWS\System32\RPCRT4.dll
0x00007ffcc67f0000 - 0x00007ffcc6984000 	C:\WINDOWS\System32\USER32.dll
0x00007ffcc4d30000 - 0x00007ffcc4d51000 	C:\WINDOWS\System32\win32u.dll
0x00007ffcc6de0000 - 0x00007ffcc6e06000 	C:\WINDOWS\System32\GDI32.dll
0x00007ffcc5ba0000 - 0x00007ffcc5d34000 	C:\WINDOWS\System32\gdi32full.dll
0x00007ffcc4d60000 - 0x00007ffcc4dfe000 	C:\WINDOWS\System32\msvcp_win.dll
0x00007ffcc59d0000 - 0x00007ffcc5aca000 	C:\WINDOWS\System32\ucrtbase.dll
0x00007ffcaeff0000 - 0x00007ffcaf275000 	C:\WINDOWS\WinSxS\amd64_microsoft.windows.common-controls_6595b64144ccf1df_6.0.18362.719_none_e6c7b883130c6729\COMCTL32.dll
0x00007ffcc63d0000 - 0x00007ffcc6706000 	C:\WINDOWS\System32\combase.dll
0x00007ffcc5ad0000 - 0x00007ffcc5b50000 	C:\WINDOWS\System32\bcryptPrimitives.dll
0x00007ffcc6a40000 - 0x00007ffcc6a6e000 	C:\WINDOWS\System32\IMM32.DLL
0x0000000073bf0000 - 0x0000000073cc2000 	D:\environment\Java\jdk1.8.0_65\jre\bin\msvcr100.dll
0x0000000071070000 - 0x00000000718f9000 	D:\environment\Java\jdk1.8.0_65\jre\bin\server\jvm.dll
0x00007ffcc67d0000 - 0x00007ffcc67d8000 	C:\WINDOWS\System32\PSAPI.DLL
0x00007ffca35e0000 - 0x00007ffca35e9000 	C:\WINDOWS\SYSTEM32\WSOCK32.dll
0x00007ffcc7000000 - 0x00007ffcc706f000 	C:\WINDOWS\System32\WS2_32.dll
0x00007ffcbcbd0000 - 0x00007ffcbcbda000 	C:\WINDOWS\SYSTEM32\VERSION.dll
0x00007ffcb6110000 - 0x00007ffcb6134000 	C:\WINDOWS\SYSTEM32\WINMM.dll
0x00007ffcb60e0000 - 0x00007ffcb610d000 	C:\WINDOWS\SYSTEM32\winmmbase.dll
0x00007ffcc5980000 - 0x00007ffcc59ca000 	C:\WINDOWS\System32\cfgmgr32.dll
0x0000000073be0000 - 0x0000000073bef000 	D:\environment\Java\jdk1.8.0_65\jre\bin\verify.dll
0x0000000073bb0000 - 0x0000000073bd9000 	D:\environment\Java\jdk1.8.0_65\jre\bin\java.dll
0x0000000073b10000 - 0x0000000073b33000 	D:\environment\Java\jdk1.8.0_65\jre\bin\instrument.dll
0x0000000073b90000 - 0x0000000073ba6000 	D:\environment\Java\jdk1.8.0_65\jre\bin\zip.dll

VM Arguments:
jvm_args: -javaagent:D:\coding\IntelliJ IDEA 2018.3.3\lib\idea_rt.jar=49323:D:\coding\IntelliJ IDEA 2018.3.3\bin -Dfile.encoding=UTF-8 
java_command: leetcode409最长回文串
java_class_path (initial): D:\environment\Java\jdk1.8.0_65\jre\lib\charsets.jar;D:\environment\Java\jdk1.8.0_65\jre\lib\deploy.jar;D:\environment\Java\jdk1.8.0_65\jre\lib\ext\access-bridge-64.jar;D:\environment\Java\jdk1.8.0_65\jre\lib\ext\cldrdata.jar;D:\environment\Java\jdk1.8.0_65\jre\lib\ext\dnsns.jar;D:\environment\Java\jdk1.8.0_65\jre\lib\ext\jaccess.jar;D:\environment\Java\jdk1.8.0_65\jre\lib\ext\jfxrt.jar;D:\environment\Java\jdk1.8.0_65\jre\lib\ext\localedata.jar;D:\environment\Java\jdk1.8.0_65\jre\lib\ext\nashorn.jar;D:\environment\Java\jdk1.8.0_65\jre\lib\ext\sunec.jar;D:\environment\Java\jdk1.8.0_65\jre\lib\ext\sunjce_provider.jar;D:\environment\Java\jdk1.8.0_65\jre\lib\ext\sunmscapi.jar;D:\environment\Java\jdk1.8.0_65\jre\lib\ext\sunpkcs11.jar;D:\environment\Java\jdk1.8.0_65\jre\lib\ext\zipfs.jar;D:\environment\Java\jdk1.8.0_65\jre\lib\javaws.jar;D:\environment\Java\jdk1.8.0_65\jre\lib\jce.jar;D:\environment\Java\jdk1.8.0_65\jre\lib\jfr.jar;D:\environment\Java\jdk1.8.0_65\jre\lib\jfxswt.jar;D:\environment\Java\jdk1.8.0_65\jre\lib\jsse.jar;D:\environment\Java\jdk1.8.0_65\jre\lib\management-agent.jar;D:\environment\Java\jdk1.8.0_65\jre\lib\plugin.jar;D:\environment\Java\jdk1.8.0_65\jre\lib\resources.jar;D:\environment\Java\jdk1.8.0_65\jre\lib\rt.jar;D:\working\forAlg\out\production\forAlg;D:\coding\IntelliJ IDEA 2018.3.3\lib\idea_rt.jar
Launcher Type: SUN_STANDARD

Environment Variables:
JAVA_HOME=D:\environment\Java\jdk1.8.0_65
CLASSPATH=D:\environment\Java\jdk1.8.0_65\lib;D:\environment\Java\jdk1.8.0_65\lib\tools.jar
PATH=D:\app\oracal11g\product\11.2.0\dbhome_1\bin;C:\ProgramData\Oracle\Java\javapath;C:\Windows\system32;C:\Windows;C:\Windows\System32\Wbem;C:\Windows\System32\WindowsPowerShell\v1.0\;C:\Windows\System32\OpenSSH\;D:\app\Bitvise SSH Client;d:\app\Git\cmd;D:\environment\Java\jdk1.8.0_65\bin;D:\environment\Java\jdk1.8.0_65\jre\bin;C:\Program Files\NVIDIA Corporation\NVIDIA NvDLISR;C:\Program Files\nodejs\;C:\Program Files\dotnet\;C:\Program Files\Intel\WiFi\bin\;C:\Program Files\Common Files\Intel\WirelessCommon\;C:\Users\Jason\AppData\Local\Programs\Python\Python36\Scripts;D:\environment\LLVM\mingw64\bin;D:\environment\LLVM\bin;D:\environment\apache-maven-3.6.0\bin;C:\WINDOWS\system32;C:\WINDOWS;C:\WINDOWS\System32\Wbem;C:\WINDOWS\System32\WindowsPowerShell\v1.0\;C:\WINDOWS\System32\OpenSSH\;D:\working\mask_watcher\src\chromedriver.exe;C:\Users\Jason\AppData\Local\Programs\Python\Python36\Scripts\pip.exe;C:\Users\Jason\AppData\Local\Programs\Python\Python36\;C:\Users\Jason\AppData\Local\Microsoft\WindowsApps;C:\Users\Jason\AppData\Roaming\npm;D:\coding\Microsoft VS Code\bin;
USERNAME=Jason
OS=Windows_NT
PROCESSOR_IDENTIFIER=Intel64 Family 6 Model 142 Stepping 11, GenuineIntel



---------------  S Y S T E M  ---------------

OS: Windows 10.0 , 64 bit Build 18362 (10.0.18362.329)

CPU:total 8 (4 cores per cpu, 2 threads per core) family 6 model 142 stepping 11, cmov, cx8, fxsr, mmx, sse, sse2, sse3, ssse3, sse4.1, sse4.2, popcnt, avx, avx2, aes, clmul, erms, 3dnowpref, lzcnt, ht, tsc, tscinvbit, bmi1, bmi2, adx

Memory: 4k page, physical 8230708k(655592k free), swap 18716464k(5936k free)

vm_info: Java HotSpot(TM) 64-Bit Server VM (25.65-b01) for windows-amd64 JRE (1.8.0_65-b17), built on Oct  6 2015 16:39:20 by "java_re" with MS VC++ 10.0 (VS2010)

time: Thu Mar 19 23:06:48 2020
elapsed time: 0 seconds (0d 0h 0m 0s)

